<?xml version="1.0" encoding="UTF-8"?>
<!-- Generated by org.testng.reporters.JUnitReportReporter -->
<testsuite skipped="0" hostname="CSPLAP0075" name="com.inquiry.tests.ConsumerReport_VerifyTest" tests="12" failures="1" timestamp="22 Jun 2019 18:19:13 GMT" time="35.564" errors="0">
  <testcase name="headingFieldValidationSection" time="1.192" classname="com.inquiry.tests.ConsumerReport_VerifyTest"/>
  <testcase name="inquiryInputInformationField_And_ValueSection" time="0.755" classname="com.inquiry.tests.ConsumerReport_VerifyTest">
    <failure type="java.lang.AssertionError" message="The following asserts failed:
	Address Values are not Matching expected [NO 251 THALACAUVERY LAYOUT BASAVANAGAR TALACAUVERY LAYOUT MAIN ROAD BANGALORE BANGALORE 560066 KA] but found [NO 251 THALACAUVERY LAYOUT BASAVANAGAR TALACAUVERY LAYOUT MAIN ROAD BANGALORE 560066]">
      <![CDATA[java.lang.AssertionError: The following asserts failed:
Address Values are not Matching expected [NO 251 THALACAUVERY LAYOUT BASAVANAGAR TALACAUVERY LAYOUT MAIN ROAD BANGALORE BANGALORE 560066 KA] but found [NO 251 THALACAUVERY LAYOUT BASAVANAGAR TALACAUVERY LAYOUT MAIN ROAD BANGALORE 560066]
at org.testng.asserts.SoftAssert.assertAll(SoftAssert.java:43)
at com.inquiry.tests.ConsumerReport_VerifyTest.inquiryInputInformationField_And_ValueSection(ConsumerReport_VerifyTest.java:270)
at sun.reflect.NativeMethodAccessorImpl.invoke0(Native Method)
at sun.reflect.NativeMethodAccessorImpl.invoke(Unknown Source)
at sun.reflect.DelegatingMethodAccessorImpl.invoke(Unknown Source)
at java.lang.reflect.Method.invoke(Unknown Source)
at org.testng.internal.MethodInvocationHelper.invokeMethod(MethodInvocationHelper.java:124)
at org.testng.internal.Invoker.invokeMethod(Invoker.java:583)
at org.testng.internal.Invoker.invokeTestMethod(Invoker.java:719)
at org.testng.internal.Invoker.invokeTestMethods(Invoker.java:989)
at org.testng.internal.TestMethodWorker.invokeTestMethods(TestMethodWorker.java:125)
at org.testng.internal.TestMethodWorker.run(TestMethodWorker.java:109)
at org.testng.TestRunner.privateRun(TestRunner.java:648)
at org.testng.TestRunner.run(TestRunner.java:505)
at org.testng.SuiteRunner.runTest(SuiteRunner.java:455)
at org.testng.SuiteRunner.runSequentially(SuiteRunner.java:450)
at org.testng.SuiteRunner.privateRun(SuiteRunner.java:415)
at org.testng.SuiteRunner.run(SuiteRunner.java:364)
at org.testng.SuiteRunnerWorker.runSuite(SuiteRunnerWorker.java:52)
at org.testng.SuiteRunnerWorker.run(SuiteRunnerWorker.java:84)
at org.testng.TestNG.runSuitesSequentially(TestNG.java:1208)
at org.testng.TestNG.runSuitesLocally(TestNG.java:1137)
at org.testng.TestNG.runSuites(TestNG.java:1049)
at org.testng.TestNG.run(TestNG.java:1017)
at org.testng.remote.AbstractRemoteTestNG.run(AbstractRemoteTestNG.java:115)
at org.testng.remote.RemoteTestNG.initAndRun(RemoteTestNG.java:251)
at org.testng.remote.RemoteTestNG.main(RemoteTestNG.java:77)
]]>
    </failure>
  </testcase> <!-- inquiryInputInformationField_And_ValueSection -->
  <testcase name="reportHeaderFieldsAndValueSection" time="1.305" classname="com.inquiry.tests.ConsumerReport_VerifyTest"/>
  <testcase name="inquiryInputInformationSection" time="1.609" classname="com.inquiry.tests.ConsumerReport_VerifyTest"/>
  <testcase name="crifHmScoreSection" time="0.732" classname="com.inquiry.tests.ConsumerReport_VerifyTest"/>
  <testcase name="personalInformationVariationField_Value" time="2.048" classname="com.inquiry.tests.ConsumerReport_VerifyTest"/>
  <testcase name="accountSummaryFieldValidationSection" time="1.914" classname="com.inquiry.tests.ConsumerReport_VerifyTest"/>
  <testcase name="commentsValidation" time="0.634" classname="com.inquiry.tests.ConsumerReport_VerifyTest"/>
  <testcase name="accountInformationValidationSection" time="21.496" classname="com.inquiry.tests.ConsumerReport_VerifyTest"/>
  <testcase name="dateValidationTest" time="2.659" classname="com.inquiry.tests.ConsumerReport_VerifyTest"/>
  <testcase name="amountFormatValidationTest" time="0.261" classname="com.inquiry.tests.ConsumerReport_VerifyTest"/>
  <testcase name="accountSummaryValidation" time="0.959" classname="com.inquiry.tests.ConsumerReport_VerifyTest"/>
</testsuite> <!-- com.inquiry.tests.ConsumerReport_VerifyTest -->
